{
  "stats": {
    "suites": 1,
    "tests": 3,
    "passes": 2,
    "pending": 0,
    "failures": 1,
    "start": "2021-04-22T08:31:58.016Z",
    "end": "2021-04-22T08:32:31.066Z",
    "duration": 33050,
    "testsRegistered": 3,
    "passPercent": 66.66666666666666,
    "pendingPercent": 0,
    "other": 0,
    "hasOther": false,
    "skipped": 0,
    "hasSkipped": false
  },
  "results": [
    {
      "uuid": "1473aae9-525e-4545-ac5c-2ae52c09c5ff",
      "title": "",
      "fullFile": "cypress/integration/addToCart.spec.js",
      "file": "cypress/integration/addToCart.spec.js",
      "beforeHooks": [],
      "afterHooks": [],
      "tests": [],
      "suites": [
        {
          "uuid": "8f8586be-7e98-486d-a7b8-cc5f1a7b957b",
          "title": "Add product to cart form home page",
          "fullFile": "",
          "file": "",
          "beforeHooks": [],
          "afterHooks": [],
          "tests": [
            {
              "title": "should type an address",
              "fullTitle": "Add product to cart form home page should type an address",
              "timedOut": null,
              "duration": 22827,
              "state": "passed",
              "speed": "slow",
              "pass": true,
              "fail": false,
              "pending": false,
              "context": null,
              "code": "cy.get(indexPage.searchAddressInput).type(data.address).should(\"have.value\", data.address);\ncy.intercept(\"GET\", `https://www.mavillemonshopping.fr/addresses/search?input=${data.address}`).as('addressSearch');\ncy.wait('@addressSearch');\ncy.get(indexPage.addressResultUl).should('be.visible').children('li').eq(0).should('contain.text', data.address).click();\ncy.get(indexPage.searchAddressInput).type(\"{enter}\");",
              "err": {},
              "uuid": "b6cae4bb-974a-4920-97a7-97581dc59b77",
              "parentUUID": "8f8586be-7e98-486d-a7b8-cc5f1a7b957b",
              "isHook": false,
              "skipped": false
            },
            {
              "title": "should be redirected to boutique page",
              "fullTitle": "Add product to cart form home page should be redirected to boutique page",
              "timedOut": null,
              "duration": 6662,
              "state": "failed",
              "speed": null,
              "pass": false,
              "fail": true,
              "pending": false,
              "context": null,
              "code": "cy.url().should('eq', data.expected.boutiqueUrl);",
              "err": {
                "message": "CypressError: Cypress command timeout of `4000ms` exceeded.",
                "estack": "CypressError: Cypress command timeout of `4000ms` exceeded.\n    at cypressErr (https://www.mavillemonshopping.fr/__cypress/runner/cypress_runner.js:153363:18)\n    at Object.errByPath (https://www.mavillemonshopping.fr/__cypress/runner/cypress_runner.js:153432:10)\n    at https://www.mavillemonshopping.fr/__cypress/runner/cypress_runner.js:155154:29",
                "diff": null
              },
              "uuid": "63154317-1f04-4ccd-b6d6-263157d369c8",
              "parentUUID": "8f8586be-7e98-486d-a7b8-cc5f1a7b957b",
              "isHook": false,
              "skipped": false
            },
            {
              "title": "Page should have correct address and title",
              "fullTitle": "Add product to cart form home page Page should have correct address and title",
              "timedOut": null,
              "duration": 767,
              "state": "passed",
              "speed": "slow",
              "pass": true,
              "fail": false,
              "pending": false,
              "context": null,
              "code": "cy.get(boutiquesPage.addressBtn).should(\"contain.text\", data.address);\ncy.get('h2').eq(0).should('have.text', data.expected.titleCity);",
              "err": {},
              "uuid": "440b3304-721d-41f0-acf1-7962386cc948",
              "parentUUID": "8f8586be-7e98-486d-a7b8-cc5f1a7b957b",
              "isHook": false,
              "skipped": false
            }
          ],
          "suites": [],
          "passes": [
            "b6cae4bb-974a-4920-97a7-97581dc59b77",
            "440b3304-721d-41f0-acf1-7962386cc948"
          ],
          "failures": [
            "63154317-1f04-4ccd-b6d6-263157d369c8"
          ],
          "pending": [],
          "skipped": [],
          "duration": 30256,
          "root": false,
          "rootEmpty": false,
          "_timeout": 2000
        }
      ],
      "passes": [],
      "failures": [],
      "pending": [],
      "skipped": [],
      "duration": 0,
      "root": true,
      "rootEmpty": true,
      "_timeout": 2000
    }
  ],
  "meta": {
    "mocha": {
      "version": "7.0.1"
    },
    "mochawesome": {
      "options": {
        "quiet": false,
        "reportFilename": "mochawesome",
        "saveHtml": false,
        "saveJson": true,
        "consoleReporter": "spec",
        "useInlineDiffs": false,
        "code": true
      },
      "version": "6.2.2"
    },
    "marge": {
      "options": {
        "reportDir": "cypress/results",
        "overwrite": false,
        "html": false,
        "json": true
      },
      "version": "5.2.0"
    }
  }
}