{
  "stats": {
    "suites": 1,
    "tests": 3,
    "passes": 3,
    "pending": 0,
    "failures": 0,
    "start": "2021-04-22T08:41:35.507Z",
    "end": "2021-04-22T08:42:08.323Z",
    "duration": 32816,
    "testsRegistered": 3,
    "passPercent": 100,
    "pendingPercent": 0,
    "other": 0,
    "hasOther": false,
    "skipped": 0,
    "hasSkipped": false
  },
  "results": [
    {
      "uuid": "17013c52-a16c-47fd-8733-9600aaa41a9c",
      "title": "",
      "fullFile": "cypress/integration/goToBoutiques.js",
      "file": "cypress/integration/goToBoutiques.js",
      "beforeHooks": [],
      "afterHooks": [],
      "tests": [],
      "suites": [
        {
          "uuid": "0ac01100-9a7f-4f5e-a313-6351fd55f70c",
          "title": "Visit Website, inputs adress and gets boutiques page",
          "fullFile": "",
          "file": "",
          "beforeHooks": [],
          "afterHooks": [],
          "tests": [
            {
              "title": "should input an address",
              "fullTitle": "Visit Website, inputs adress and gets boutiques page should input an address",
              "timedOut": null,
              "duration": 20632,
              "state": "passed",
              "speed": "slow",
              "pass": true,
              "fail": false,
              "pending": false,
              "context": null,
              "code": "cy.get(indexPage.searchAddressInput).type(data.address).should(\"have.value\", data.address);\ncy.intercept(\"GET\", `https://www.mavillemonshopping.fr/addresses/search?input=${data.address}`).as('addressSearch');\ncy.wait('@addressSearch');\ncy.get(indexPage.addressResultUl).should('be.visible').children('li').eq(0).should('contain.text', data.address).click();\ncy.get(indexPage.searchAddressInput).type(\"{enter}\");",
              "err": {},
              "uuid": "f2e6c4e0-52ef-4c47-9748-7282772d8459",
              "parentUUID": "0ac01100-9a7f-4f5e-a313-6351fd55f70c",
              "isHook": false,
              "skipped": false
            },
            {
              "title": "should be redirected to boutique page",
              "fullTitle": "Visit Website, inputs adress and gets boutiques page should be redirected to boutique page",
              "timedOut": null,
              "duration": 7989,
              "state": "passed",
              "speed": "slow",
              "pass": true,
              "fail": false,
              "pending": false,
              "context": null,
              "code": "cy.url().should('eq', data.expected.boutiqueUrl);",
              "err": {},
              "uuid": "09b0ce7b-efef-4f43-9f39-f5db64ff10e6",
              "parentUUID": "0ac01100-9a7f-4f5e-a313-6351fd55f70c",
              "isHook": false,
              "skipped": false
            },
            {
              "title": "Page should have correct address and title",
              "fullTitle": "Visit Website, inputs adress and gets boutiques page Page should have correct address and title",
              "timedOut": null,
              "duration": 1425,
              "state": "passed",
              "speed": "slow",
              "pass": true,
              "fail": false,
              "pending": false,
              "context": null,
              "code": "cy.get(boutiquesPage.addressBtn).should(\"contain.text\", data.address);\ncy.get('h2').eq(0).should('have.text', data.expected.titleCity);",
              "err": {},
              "uuid": "6f51cadb-9c94-420f-994a-d33f20a000c8",
              "parentUUID": "0ac01100-9a7f-4f5e-a313-6351fd55f70c",
              "isHook": false,
              "skipped": false
            }
          ],
          "suites": [],
          "passes": [
            "f2e6c4e0-52ef-4c47-9748-7282772d8459",
            "09b0ce7b-efef-4f43-9f39-f5db64ff10e6",
            "6f51cadb-9c94-420f-994a-d33f20a000c8"
          ],
          "failures": [],
          "pending": [],
          "skipped": [],
          "duration": 30046,
          "root": false,
          "rootEmpty": false,
          "_timeout": 2000
        }
      ],
      "passes": [],
      "failures": [],
      "pending": [],
      "skipped": [],
      "duration": 0,
      "root": true,
      "rootEmpty": true,
      "_timeout": 2000
    }
  ],
  "meta": {
    "mocha": {
      "version": "7.0.1"
    },
    "mochawesome": {
      "options": {
        "quiet": false,
        "reportFilename": "mochawesome",
        "saveHtml": false,
        "saveJson": true,
        "consoleReporter": "spec",
        "useInlineDiffs": false,
        "code": true
      },
      "version": "6.2.2"
    },
    "marge": {
      "options": {
        "reportDir": "cypress/results",
        "overwrite": false,
        "html": false,
        "json": true
      },
      "version": "5.2.0"
    }
  }
}