{
  "stats": {
    "suites": 1,
    "tests": 3,
    "passes": 3,
    "pending": 0,
    "failures": 0,
    "start": "2021-04-23T04:16:08.196Z",
    "end": "2021-04-23T04:16:32.425Z",
    "duration": 24229,
    "testsRegistered": 3,
    "passPercent": 100,
    "pendingPercent": 0,
    "other": 0,
    "hasOther": false,
    "skipped": 0,
    "hasSkipped": false
  },
  "results": [
    {
      "uuid": "3eb00e67-6c2a-4aa6-91b2-2d9538b9a567",
      "title": "",
      "fullFile": "cypress/integration/Sc001.js",
      "file": "cypress/integration/Sc001.js",
      "beforeHooks": [],
      "afterHooks": [],
      "tests": [],
      "suites": [
        {
          "uuid": "d0ed680f-d4af-420a-adfb-77bc784a5aeb",
          "title": "[Sc001] from homepage to Boutiques page",
          "fullFile": "",
          "file": "",
          "beforeHooks": [],
          "afterHooks": [],
          "tests": [
            {
              "title": "[St001] Should input an address",
              "fullTitle": "[Sc001] from homepage to Boutiques page [St001] Should input an address",
              "timedOut": null,
              "duration": 16412,
              "state": "passed",
              "speed": "slow",
              "pass": true,
              "fail": false,
              "pending": false,
              "context": "\"./screenshots/Sc001.js/[St001].png\"",
              "code": "cy.get(indexPage.searchAddressInput).type(data.address).should(\"have.value\", data.address);\ncy.intercept(\"GET\", `https://www.mavillemonshopping.fr/addresses/search?input=${data.address}`).as('addressSearch');\ncy.wait('@addressSearch');\ncy.get(indexPage.addressResultUl).should('be.visible').children('li').eq(0).should('contain.text', data.address).click();\ncy.screenshot(\"[St001]\", {\n  capture: 'viewport'\n});\ncy.get(indexPage.searchAddressInput).type(\"{enter}\");",
              "err": {},
              "uuid": "f181ea63-a73d-4e67-997c-08a0b6ccea08",
              "parentUUID": "d0ed680f-d4af-420a-adfb-77bc784a5aeb",
              "isHook": false,
              "skipped": false
            },
            {
              "title": "[St002] Should be redirected to boutique page",
              "fullTitle": "[Sc001] from homepage to Boutiques page [St002] Should be redirected to boutique page",
              "timedOut": null,
              "duration": 5766,
              "state": "passed",
              "speed": "slow",
              "pass": true,
              "fail": false,
              "pending": false,
              "context": "\"./screenshots/Sc001.js/[St002].png\"",
              "code": "cy.url().should(\"eq\", data.expected.boutiqueUrl);",
              "err": {},
              "uuid": "41d2dee5-0771-431a-9bfc-13c44e599aa4",
              "parentUUID": "d0ed680f-d4af-420a-adfb-77bc784a5aeb",
              "isHook": false,
              "skipped": false
            },
            {
              "title": "[St003] Page should have expected address and title",
              "fullTitle": "[Sc001] from homepage to Boutiques page [St003] Page should have expected address and title",
              "timedOut": null,
              "duration": 1737,
              "state": "passed",
              "speed": "slow",
              "pass": true,
              "fail": false,
              "pending": false,
              "context": "\"./screenshots/Sc001.js/[St003].png\"",
              "code": "cy.get(boutiquesPage.addressBtn).should(\"contain.text\", data.address);\ncy.get(\"h2\").eq(0).should(\"have.text\", data.expected.titleCity);\ncy.screenshot(\"[St003]\", {\n  capture: 'viewport'\n});",
              "err": {},
              "uuid": "26d5bc4e-a91b-468f-b1eb-df86c7f2ae0b",
              "parentUUID": "d0ed680f-d4af-420a-adfb-77bc784a5aeb",
              "isHook": false,
              "skipped": false
            }
          ],
          "suites": [],
          "passes": [
            "f181ea63-a73d-4e67-997c-08a0b6ccea08",
            "41d2dee5-0771-431a-9bfc-13c44e599aa4",
            "26d5bc4e-a91b-468f-b1eb-df86c7f2ae0b"
          ],
          "failures": [],
          "pending": [],
          "skipped": [],
          "duration": 23915,
          "root": false,
          "rootEmpty": false,
          "_timeout": 2000
        }
      ],
      "passes": [],
      "failures": [],
      "pending": [],
      "skipped": [],
      "duration": 0,
      "root": true,
      "rootEmpty": true,
      "_timeout": 2000
    }
  ],
  "meta": {
    "mocha": {
      "version": "7.0.1"
    },
    "mochawesome": {
      "options": {
        "quiet": false,
        "reportFilename": "mochawesome",
        "saveHtml": false,
        "saveJson": true,
        "consoleReporter": "spec",
        "useInlineDiffs": false,
        "code": true
      },
      "version": "6.2.2"
    },
    "marge": {
      "options": {
        "reportDir": "cypress/results",
        "overwrite": false,
        "html": false,
        "json": true
      },
      "version": "5.2.0"
    }
  }
}